<?xml version="1.0" encoding="UTF-8"?>
<!-- Generated by org.testng.reporters.JUnitReportReporter -->
<testsuite skipped="0" hostname="HBADT4800642" name="com.qa.testscripts.ShutterBagTest" tests="1" failures="0" timestamp="05 Jul 2021 15:22:30 GMT" time="6.509" errors="0">
  <testcase name="getDashboard" time="6.509" classname="com.qa.testscripts.ShutterBagTest"/>
</testsuite> <!-- com.qa.testscripts.ShutterBagTest -->
