<?xml version="1.0" encoding="UTF-8"?>
<!-- Generated by org.testng.reporters.JUnitReportReporter -->
<testsuite skipped="0" hostname="HBADT4800642" name="com.qa.testscripts.TestBase2" tests="2" failures="0" timestamp="29 May 2021 10:22:34 GMT" time="9.866" errors="0">
  <testcase name="initialsetup" time="8.524" classname="com.qa.testscripts.TestBase2"/>
  <testcase name="getVacancy" time="1.342" classname="com.qa.testscripts.TestBase2"/>
</testsuite> <!-- com.qa.testscripts.TestBase2 -->
