<?xml version="1.0" encoding="UTF-8"?>
<!-- Generated by org.testng.reporters.JUnitReportReporter -->
<testsuite skipped="0" hostname="HBADT4800642" name="com.qa.testscripts.CountImagesTest" tests="3" failures="0" timestamp="05 Jul 2021 15:23:09 GMT" time="0.265" errors="0">
  <testcase name="getAllLinks" time="0.186" classname="com.qa.testscripts.CountImagesTest"/>
  <testcase name="getAllTextbox" time="0.045" classname="com.qa.testscripts.CountImagesTest"/>
  <testcase name="getAllImages" time="0.034" classname="com.qa.testscripts.CountImagesTest"/>
</testsuite> <!-- com.qa.testscripts.CountImagesTest -->
