<?xml version="1.0" encoding="UTF-8"?>
<!-- Generated by org.testng.reporters.JUnitReportReporter -->
<testsuite skipped="0" hostname="HBADT4800642" name="com.qa.testscripts.TestNGClass" tests="4" failures="0" timestamp="05 Jul 2021 15:22:02 GMT" time="25.192" errors="0">
  <testcase name="initialsetup" time="7.251" classname="com.qa.testscripts.TestNGClass"/>
  <testcase name="ValidatePageTitles" time="8.213" classname="com.qa.testscripts.TestNGClass"/>
  <testcase name="testMinimize" time="1.765" classname="com.qa.testscripts.TestNGClass"/>
  <testcase name="getVacancy" time="7.963" classname="com.qa.testscripts.TestNGClass"/>
</testsuite> <!-- com.qa.testscripts.TestNGClass -->
