<?xml version="1.0" encoding="UTF-8"?>
<!-- Generated by org.testng.reporters.JUnitReportReporter -->
<testsuite skipped="0" hostname="HBADT4800642" name="com.qa.testscripts.TestHighlights" tests="1" failures="0" timestamp="05 Jul 2021 15:24:41 GMT" time="15.276" errors="0">
  <testcase name="initialTest" time="15.276" classname="com.qa.testscripts.TestHighlights"/>
</testsuite> <!-- com.qa.testscripts.TestHighlights -->
