<?xml version="1.0" encoding="UTF-8"?>
<!-- Generated by org.testng.reporters.JUnitReportReporter -->
<testsuite skipped="0" hostname="HBADT4800642" name="com.qa.testscripts.EmployeeTest" tests="1" failures="0" timestamp="05 Jul 2021 15:24:09 GMT" time="10.887" errors="0">
  <testcase name="EmployeeTestmatch" time="10.887" classname="com.qa.testscripts.EmployeeTest"/>
</testsuite> <!-- com.qa.testscripts.EmployeeTest -->
